[debug] [2022-09-19T05:51:10.571Z] ----------------------------------------------------------------------
[debug] [2022-09-19T05:51:10.572Z] Command:       /opt/homebrew/Cellar/node/18.9.0/bin/node /opt/homebrew/bin/firebase deploy --only functions:api
[debug] [2022-09-19T05:51:10.572Z] CLI Version:   11.9.0
[debug] [2022-09-19T05:51:10.572Z] Platform:      darwin
[debug] [2022-09-19T05:51:10.573Z] Node Version:  v18.9.0
[debug] [2022-09-19T05:51:10.573Z] Time:          Mon Sep 19 2022 13:51:10 GMT+0800 (Hong Kong Standard Time)
[debug] [2022-09-19T05:51:10.573Z] ----------------------------------------------------------------------
[debug] 
[debug] [2022-09-19T05:51:10.607Z] > command requires scopes: ["email","openid","https://www.googleapis.com/auth/cloudplatformprojects.readonly","https://www.googleapis.com/auth/firebase","https://www.googleapis.com/auth/cloud-platform"]
[debug] [2022-09-19T05:51:10.607Z] > authorizing via signed-in user (mingsum.sam@gmail.com)
[debug] [2022-09-19T05:51:10.607Z] [iam] checking project workshop-system-24df0 for permissions ["cloudfunctions.functions.create","cloudfunctions.functions.delete","cloudfunctions.functions.get","cloudfunctions.functions.list","cloudfunctions.functions.update","cloudfunctions.operations.get","firebase.projects.get"]
[debug] [2022-09-19T05:51:10.608Z] >>> [apiv2][query] POST https://cloudresourcemanager.googleapis.com/v1/projects/workshop-system-24df0:testIamPermissions [none]
[debug] [2022-09-19T05:51:10.608Z] >>> [apiv2][(partial)header] POST https://cloudresourcemanager.googleapis.com/v1/projects/workshop-system-24df0:testIamPermissions x-goog-quota-user=projects/workshop-system-24df0
[debug] [2022-09-19T05:51:10.608Z] >>> [apiv2][body] POST https://cloudresourcemanager.googleapis.com/v1/projects/workshop-system-24df0:testIamPermissions {"permissions":["cloudfunctions.functions.create","cloudfunctions.functions.delete","cloudfunctions.functions.get","cloudfunctions.functions.list","cloudfunctions.functions.update","cloudfunctions.operations.get","firebase.projects.get"]}
[debug] [2022-09-19T05:51:11.639Z] <<< [apiv2][status] POST https://cloudresourcemanager.googleapis.com/v1/projects/workshop-system-24df0:testIamPermissions 200
[debug] [2022-09-19T05:51:11.639Z] <<< [apiv2][body] POST https://cloudresourcemanager.googleapis.com/v1/projects/workshop-system-24df0:testIamPermissions {"permissions":["cloudfunctions.functions.create","cloudfunctions.functions.delete","cloudfunctions.functions.get","cloudfunctions.functions.list","cloudfunctions.functions.update","cloudfunctions.operations.get","firebase.projects.get"]}
[debug] [2022-09-19T05:51:11.640Z] >>> [apiv2][query] POST https://iam.googleapis.com/v1/projects/workshop-system-24df0/serviceAccounts/workshop-system-24df0@appspot.gserviceaccount.com:testIamPermissions [none]
[debug] [2022-09-19T05:51:11.641Z] >>> [apiv2][body] POST https://iam.googleapis.com/v1/projects/workshop-system-24df0/serviceAccounts/workshop-system-24df0@appspot.gserviceaccount.com:testIamPermissions {"permissions":["iam.serviceAccounts.actAs"]}
[debug] [2022-09-19T05:51:12.688Z] <<< [apiv2][status] POST https://iam.googleapis.com/v1/projects/workshop-system-24df0/serviceAccounts/workshop-system-24df0@appspot.gserviceaccount.com:testIamPermissions 200
[debug] [2022-09-19T05:51:12.689Z] <<< [apiv2][body] POST https://iam.googleapis.com/v1/projects/workshop-system-24df0/serviceAccounts/workshop-system-24df0@appspot.gserviceaccount.com:testIamPermissions {"permissions":["iam.serviceAccounts.actAs"]}
[info] 
[info] === Deploying to 'workshop-system-24df0'...
[info] 
[info] i  deploying functions 
[info] Running command: npm --prefix "$RESOURCE_DIR" run build
[info] ✔  functions: Finished running predeploy script. 
[debug] [2022-09-19T05:51:16.016Z] >>> [apiv2][query] GET https://firebase.googleapis.com/v1beta1/projects/workshop-system-24df0 [none]
[debug] [2022-09-19T05:51:16.479Z] <<< [apiv2][status] GET https://firebase.googleapis.com/v1beta1/projects/workshop-system-24df0 200
[debug] [2022-09-19T05:51:16.479Z] <<< [apiv2][body] GET https://firebase.googleapis.com/v1beta1/projects/workshop-system-24df0 {"projectId":"workshop-system-24df0","projectNumber":"618972475742","displayName":"workshop-system","name":"projects/workshop-system-24df0","resources":{"hostingSite":"workshop-system-24df0","storageBucket":"workshop-system-24df0.appspot.com","locationId":"asia-east2"},"state":"ACTIVE","etag":"1_d27f38b6-c7d8-47fd-8298-47fcc0ed2af6"}
[info] i  functions: ensuring required API cloudfunctions.googleapis.com is enabled... 
[info] i  functions: ensuring required API cloudbuild.googleapis.com is enabled... 
[info] i  artifactregistry: ensuring required API artifactregistry.googleapis.com is enabled... 
[debug] [2022-09-19T05:51:16.482Z] >>> [apiv2][query] GET https://serviceusage.googleapis.com/v1/projects/workshop-system-24df0/services/cloudfunctions.googleapis.com [none]
[debug] [2022-09-19T05:51:16.484Z] >>> [apiv2][query] GET https://serviceusage.googleapis.com/v1/projects/workshop-system-24df0/services/runtimeconfig.googleapis.com [none]
[debug] [2022-09-19T05:51:16.485Z] >>> [apiv2][query] GET https://serviceusage.googleapis.com/v1/projects/workshop-system-24df0/services/cloudbuild.googleapis.com [none]
[debug] [2022-09-19T05:51:16.486Z] >>> [apiv2][query] GET https://serviceusage.googleapis.com/v1/projects/workshop-system-24df0/services/artifactregistry.googleapis.com [none]
[debug] [2022-09-19T05:51:18.030Z] <<< [apiv2][status] GET https://serviceusage.googleapis.com/v1/projects/workshop-system-24df0/services/runtimeconfig.googleapis.com 200
[debug] [2022-09-19T05:51:18.031Z] <<< [apiv2][body] GET https://serviceusage.googleapis.com/v1/projects/workshop-system-24df0/services/runtimeconfig.googleapis.com [omitted]
[debug] [2022-09-19T05:51:18.032Z] <<< [apiv2][status] GET https://serviceusage.googleapis.com/v1/projects/workshop-system-24df0/services/cloudbuild.googleapis.com 200
[debug] [2022-09-19T05:51:18.032Z] <<< [apiv2][body] GET https://serviceusage.googleapis.com/v1/projects/workshop-system-24df0/services/cloudbuild.googleapis.com [omitted]
[info] ✔  functions: required API cloudbuild.googleapis.com is enabled 
[debug] [2022-09-19T05:51:18.033Z] <<< [apiv2][status] GET https://serviceusage.googleapis.com/v1/projects/workshop-system-24df0/services/artifactregistry.googleapis.com 200
[debug] [2022-09-19T05:51:18.033Z] <<< [apiv2][body] GET https://serviceusage.googleapis.com/v1/projects/workshop-system-24df0/services/artifactregistry.googleapis.com [omitted]
[info] ✔  artifactregistry: required API artifactregistry.googleapis.com is enabled 
[debug] [2022-09-19T05:51:18.034Z] <<< [apiv2][status] GET https://serviceusage.googleapis.com/v1/projects/workshop-system-24df0/services/cloudfunctions.googleapis.com 200
[debug] [2022-09-19T05:51:18.034Z] <<< [apiv2][body] GET https://serviceusage.googleapis.com/v1/projects/workshop-system-24df0/services/cloudfunctions.googleapis.com [omitted]
[info] ✔  functions: required API cloudfunctions.googleapis.com is enabled 
[debug] [2022-09-19T05:51:18.035Z] >>> [apiv2][query] GET https://firebase.googleapis.com/v1beta1/projects/workshop-system-24df0/adminSdkConfig [none]
[debug] [2022-09-19T05:51:18.419Z] <<< [apiv2][status] GET https://firebase.googleapis.com/v1beta1/projects/workshop-system-24df0/adminSdkConfig 200
[debug] [2022-09-19T05:51:18.419Z] <<< [apiv2][body] GET https://firebase.googleapis.com/v1beta1/projects/workshop-system-24df0/adminSdkConfig {"projectId":"workshop-system-24df0","storageBucket":"workshop-system-24df0.appspot.com","locationId":"asia-east2"}
[debug] [2022-09-19T05:51:18.420Z] >>> [apiv2][query] GET https://runtimeconfig.googleapis.com/v1beta1/projects/workshop-system-24df0/configs [none]
[debug] [2022-09-19T05:51:19.823Z] <<< [apiv2][status] GET https://runtimeconfig.googleapis.com/v1beta1/projects/workshop-system-24df0/configs 200
[debug] [2022-09-19T05:51:19.824Z] <<< [apiv2][body] GET https://runtimeconfig.googleapis.com/v1beta1/projects/workshop-system-24df0/configs {}
[info] i  functions: preparing codebase default for deployment 
[debug] [2022-09-19T05:51:19.827Z] Validating nodejs source
[debug] [2022-09-19T05:51:20.519Z] > [functions] package.json contents: {
  "name": "functions",
  "version": "0.0.0",
  "scripts": {
    "build": "npm run clean && tsc",
    "build:watch": "tsc --watch",
    "serve": "npm run build && firebase emulators:start --only functions",
    "shell": "npm run build && firebase functions:shell",
    "start": "npm run shell",
    "deploy": "firebase deploy --only functions",
    "logs": "firebase functions:log",
    "clean": "rm -rf lib"
  },
  "private": true,
  "engines": {
    "node": "16"
  },
  "main": "lib/index.js",
  "dependencies": {
    "@google-cloud/connect-firestore": "^2.0.2",
    "@google-cloud/tasks": "^3.0.2",
    "@mingsumsze/common": "4.8.0",
    "body-parser": "^1.20.0",
    "cookie-parser": "^1.4.6",
    "cors": "^2.8.5",
    "csurf": "^1.11.0",
    "express-session": "^1.17.3",
    "firebase": "^9.10.0",
    "firebase-admin": "^11.0.1",
    "firebase-functions": "^3.23.0",
    "stripe": "^10.7.0",
    "superjson": "^1.10.0",
    "uuid": "^9.0.0",
    "zod": "^3.19.1"
  },
  "devDependencies": {
    "@trpc/server": "^9.27.2",
    "@types/cookie-parser": "^1.4.3",
    "@types/cors": "^2.8.12",
    "@types/csurf": "^1.11.2",
    "@types/express-session": "^1.17.5",
    "@types/uuid": "^8.3.4",
    "firebase-functions-test": "^0.2.0",
    "typescript": "^4.5.4"
  }
}
[debug] [2022-09-19T05:51:20.519Z] Building nodejs source
[info] i  functions: Loaded environment variables from .env. 
[debug] [2022-09-19T05:51:20.521Z] Could not find functions.yaml. Must use http discovery
[debug] [2022-09-19T05:51:20.621Z] Serving at port 9005

[debug] [2022-09-19T05:51:20.865Z] Got response from /__/functions.yaml {"endpoints":{"api":{"platform":"gcfv1","region":["asia-east2"],"httpsTrigger":{},"entryPoint":"api"},"webhook":{"platform":"gcfv1","region":["asia-east2"],"httpsTrigger":{},"entryPoint":"webhook"},"createWorkshopConfidential":{"platform":"gcfv1","region":["asia-east2"],"eventTrigger":{"eventType":"providers/cloud.firestore/eventTypes/document.create","eventFilters":{"resource":"projects/workshop-system-24df0/databases/(default)/documents/workshops/{id}"},"retry":false},"labels":{},"entryPoint":"createWorkshopConfidential"},"deleteWorkshopConfidential":{"platform":"gcfv1","region":["asia-east2"],"eventTrigger":{"eventType":"providers/cloud.firestore/eventTypes/document.delete","eventFilters":{"resource":"projects/workshop-system-24df0/databases/(default)/documents/workshops/{id}"},"retry":false},"labels":{},"entryPoint":"deleteWorkshopConfidential"}},"specVersion":"v1alpha1","requiredAPIs":[]}
[debug] [2022-09-19T05:51:20.869Z] shutdown requested via /__/quitquitquit

[info] i  functions: preparing functions directory for uploading... 
[info] i  functions: packaged /Users/mingsumsze/dev/workshop-system/functions (120.94 KB) for uploading 
[debug] [2022-09-19T05:51:20.945Z] >>> [apiv2][query] GET https://cloudfunctions.googleapis.com/v1/projects/workshop-system-24df0/locations/-/functions [none]
[debug] [2022-09-19T05:51:21.700Z] <<< [apiv2][status] GET https://cloudfunctions.googleapis.com/v1/projects/workshop-system-24df0/locations/-/functions 200
[debug] [2022-09-19T05:51:21.701Z] <<< [apiv2][body] GET https://cloudfunctions.googleapis.com/v1/projects/workshop-system-24df0/locations/-/functions {"functions":[{"name":"projects/workshop-system-24df0/locations/asia-east2/functions/api","httpsTrigger":{"url":"https://asia-east2-workshop-system-24df0.cloudfunctions.net/api","securityLevel":"SECURE_ALWAYS"},"status":"ACTIVE","entryPoint":"api","timeout":"60s","availableMemoryMb":256,"serviceAccountEmail":"workshop-system-24df0@appspot.gserviceaccount.com","updateTime":"2022-09-19T05:40:49.005Z","versionId":"23","labels":{"deployment-tool":"cli-firebase"},"sourceUploadUrl":"https://storage.googleapis.com/uploads-898751945599.asia-east2.cloudfunctions.appspot.com/ac3ad78d-2a69-46a7-9597-38d768ae1ae3.zip","environmentVariables":{"MODE":"dev","STRIPE_SECRET":"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","STRIPE_SECRET_TEST":"sk_test_51LfDfAFVLId4QDWR7WBrwy35wla0JCsbeuo7NIG22Xj7jwONrsYtkJp57k3M8ucoFB5JUN7dufhqtqHHz31spF9d00hh3ntcon","STRIPE_ENDPOINT_SECRET":"whsec_B9kOJP1lWvNKfAiRRl3Wvyv67wko0ZPo","STRIPE_ENDPOINT_SECRET_TEST":"whsec_B9kOJP1lWvNKfAiRRl3Wvyv67wko0ZPo","SESSION_SECRET":"a88DJFUDNWP47130PDFNVUAh283DHQPVMDL28310DNFQODF","SECRET":"b82DJJUDNWP4j130PDFNVUAh283DHQPVMD293810DNFQO3B","APP_DOMAIN":"workshop-system.app","FIREBASE_CONFIG":"{\"projectId\":\"workshop-system-24df0\",\"storageBucket\":\"workshop-system-24df0.appspot.com\",\"locationId\":\"asia-east2\"}","GCLOUD_PROJECT":"workshop-system-24df0"},"runtime":"nodejs16","ingressSettings":"ALLOW_ALL","buildId":"b241d95f-96d2-4501-b48e-36d52a6f4391","buildName":"projects/618972475742/locations/asia-east2/builds/b241d95f-96d2-4501-b48e-36d52a6f4391","dockerRegistry":"ARTIFACT_REGISTRY"},{"name":"projects/workshop-system-24df0/locations/asia-east2/functions/createWorkshopConfidential","eventTrigger":{"eventType":"providers/cloud.firestore/eventTypes/document.create","resource":"projects/workshop-system-24df0/databases/(default)/documents/workshops/{id}","service":"firestore.googleapis.com","failurePolicy":{}},"status":"ACTIVE","entryPoint":"createWorkshopConfidential","timeout":"60s","availableMemoryMb":256,"serviceAccountEmail":"workshop-system-24df0@appspot.gserviceaccount.com","updateTime":"2022-09-19T05:02:24.853Z","versionId":"58","labels":{"deployment-tool":"cli-firebase"},"sourceUploadUrl":"https://storage.googleapis.com/uploads-898751945599.asia-east2.cloudfunctions.appspot.com/e2ed6afd-c1f3-4178-9856-f23be9fd123f.zip","environmentVariables":{"MODE":"dev","STRIPE_SECRET":"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","STRIPE_SECRET_TEST":"sk_test_51LfDfAFVLId4QDWR7WBrwy35wla0JCsbeuo7NIG22Xj7jwONrsYtkJp57k3M8ucoFB5JUN7dufhqtqHHz31spF9d00hh3ntcon","STRIPE_ENDPOINT_SECRET":"whsec_B9kOJP1lWvNKfAiRRl3Wvyv67wko0ZPo","STRIPE_ENDPOINT_SECRET_TEST":"whsec_B9kOJP1lWvNKfAiRRl3Wvyv67wko0ZPo","SESSION_SECRET":"a88DJFUDNWP47130PDFNVUAh283DHQPVMDL28310DNFQODF","SECRET":"b82DJJUDNWP4j130PDFNVUAh283DHQPVMD293810DNFQO3B","APP_DOMAIN":"workshop-system.app","FIREBASE_CONFIG":"{\"projectId\":\"workshop-system-24df0\",\"storageBucket\":\"workshop-system-24df0.appspot.com\",\"locationId\":\"asia-east2\"}","GCLOUD_PROJECT":"workshop-system-24df0"},"runtime":"nodejs16","ingressSettings":"ALLOW_ALL","buildId":"fc669404-8bab-4da1-9d14-9476045e9954","buildName":"projects/618972475742/locations/asia-east2/builds/fc669404-8bab-4da1-9d14-9476045e9954","dockerRegistry":"ARTIFACT_REGISTRY"},{"name":"projects/workshop-system-24df0/locations/asia-east2/functions/deleteWorkshopConfidential","eventTrigger":{"eventType":"providers/cloud.firestore/eventTypes/document.delete","resource":"projects/workshop-system-24df0/databases/(default)/documents/workshops/{id}","service":"firestore.googleapis.com","failurePolicy":{}},"status":"ACTIVE","entryPoint":"deleteWorkshopConfidential","timeout":"60s","availableMemoryMb":256,"serviceAccountEmail":"workshop-system-24df0@appspot.gserviceaccount.com","updateTime":"2022-09-19T05:02:31.856Z","versionId":"56","labels":{"deployment-tool":"cli-firebase"},"sourceUploadUrl":"https://storage.googleapis.com/uploads-898751945599.asia-east2.cloudfunctions.appspot.com/e2ed6afd-c1f3-4178-9856-f23be9fd123f.zip","environmentVariables":{"MODE":"dev","STRIPE_SECRET":"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","STRIPE_SECRET_TEST":"sk_test_51LfDfAFVLId4QDWR7WBrwy35wla0JCsbeuo7NIG22Xj7jwONrsYtkJp57k3M8ucoFB5JUN7dufhqtqHHz31spF9d00hh3ntcon","STRIPE_ENDPOINT_SECRET":"whsec_B9kOJP1lWvNKfAiRRl3Wvyv67wko0ZPo","STRIPE_ENDPOINT_SECRET_TEST":"whsec_B9kOJP1lWvNKfAiRRl3Wvyv67wko0ZPo","SESSION_SECRET":"a88DJFUDNWP47130PDFNVUAh283DHQPVMDL28310DNFQODF","SECRET":"b82DJJUDNWP4j130PDFNVUAh283DHQPVMD293810DNFQO3B","APP_DOMAIN":"workshop-system.app","FIREBASE_CONFIG":"{\"projectId\":\"workshop-system-24df0\",\"storageBucket\":\"workshop-system-24df0.appspot.com\",\"locationId\":\"asia-east2\"}","GCLOUD_PROJECT":"workshop-system-24df0"},"runtime":"nodejs16","ingressSettings":"ALLOW_ALL","buildId":"fc669404-8bab-4da1-9d14-9476045e9954","buildName":"projects/618972475742/locations/asia-east2/builds/fc669404-8bab-4da1-9d14-9476045e9954","dockerRegistry":"ARTIFACT_REGISTRY"},{"name":"projects/workshop-system-24df0/locations/asia-east2/functions/webhook","httpsTrigger":{"url":"https://asia-east2-workshop-system-24df0.cloudfunctions.net/webhook","securityLevel":"SECURE_ALWAYS"},"status":"ACTIVE","entryPoint":"webhook","timeout":"60s","availableMemoryMb":256,"serviceAccountEmail":"workshop-system-24df0@appspot.gserviceaccount.com","updateTime":"2022-09-19T05:02:31.582Z","versionId":"8","labels":{"deployment-tool":"cli-firebase"},"sourceUploadUrl":"https://storage.googleapis.com/uploads-898751945599.asia-east2.cloudfunctions.appspot.com/e2ed6afd-c1f3-4178-9856-f23be9fd123f.zip","environmentVariables":{"MODE":"dev","STRIPE_SECRET":"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","STRIPE_SECRET_TEST":"sk_test_51LfDfAFVLId4QDWR7WBrwy35wla0JCsbeuo7NIG22Xj7jwONrsYtkJp57k3M8ucoFB5JUN7dufhqtqHHz31spF9d00hh3ntcon","STRIPE_ENDPOINT_SECRET":"whsec_B9kOJP1lWvNKfAiRRl3Wvyv67wko0ZPo","STRIPE_ENDPOINT_SECRET_TEST":"whsec_B9kOJP1lWvNKfAiRRl3Wvyv67wko0ZPo","SESSION_SECRET":"a88DJFUDNWP47130PDFNVUAh283DHQPVMDL28310DNFQODF","SECRET":"b82DJJUDNWP4j130PDFNVUAh283DHQPVMD293810DNFQO3B","APP_DOMAIN":"workshop-system.app","FIREBASE_CONFIG":"{\"projectId\":\"workshop-system-24df0\",\"storageBucket\":\"workshop-system-24df0.appspot.com\",\"locationId\":\"asia-east2\"}","GCLOUD_PROJECT":"workshop-system-24df0"},"runtime":"nodejs16","ingressSettings":"ALLOW_ALL","buildId":"fc669404-8bab-4da1-9d14-9476045e9954","buildName":"projects/618972475742/locations/asia-east2/builds/fc669404-8bab-4da1-9d14-9476045e9954","dockerRegistry":"ARTIFACT_REGISTRY"}]}
[debug] [2022-09-19T05:51:21.704Z] >>> [apiv2][query] GET https://cloudfunctions.googleapis.com/v2alpha/projects/workshop-system-24df0/locations/-/functions [none]
[debug] [2022-09-19T05:51:23.233Z] <<< [apiv2][status] GET https://cloudfunctions.googleapis.com/v2alpha/projects/workshop-system-24df0/locations/-/functions 200
[debug] [2022-09-19T05:51:23.233Z] <<< [apiv2][body] GET https://cloudfunctions.googleapis.com/v2alpha/projects/workshop-system-24df0/locations/-/functions {}
[debug] [2022-09-19T05:51:23.242Z] >>> [apiv2][query] GET https://firebase.googleapis.com/v1beta1/projects/workshop-system-24df0 [none]
[debug] [2022-09-19T05:51:23.642Z] <<< [apiv2][status] GET https://firebase.googleapis.com/v1beta1/projects/workshop-system-24df0 200
[debug] [2022-09-19T05:51:23.643Z] <<< [apiv2][body] GET https://firebase.googleapis.com/v1beta1/projects/workshop-system-24df0 {"projectId":"workshop-system-24df0","projectNumber":"618972475742","displayName":"workshop-system","name":"projects/workshop-system-24df0","resources":{"hostingSite":"workshop-system-24df0","storageBucket":"workshop-system-24df0.appspot.com","locationId":"asia-east2"},"state":"ACTIVE","etag":"1_d27f38b6-c7d8-47fd-8298-47fcc0ed2af6"}
[debug] [2022-09-19T05:51:23.645Z] >>> [apiv2][query] POST https://cloudfunctions.googleapis.com/v1/projects/workshop-system-24df0/locations/asia-east2/functions:generateUploadUrl [none]
[debug] [2022-09-19T05:51:23.645Z] >>> [apiv2][body] POST https://cloudfunctions.googleapis.com/v1/projects/workshop-system-24df0/locations/asia-east2/functions:generateUploadUrl {}
[debug] [2022-09-19T05:51:26.510Z] <<< [apiv2][status] POST https://cloudfunctions.googleapis.com/v1/projects/workshop-system-24df0/locations/asia-east2/functions:generateUploadUrl 200
[debug] [2022-09-19T05:51:26.510Z] <<< [apiv2][body] POST https://cloudfunctions.googleapis.com/v1/projects/workshop-system-24df0/locations/asia-east2/functions:generateUploadUrl {"uploadUrl":"https://storage.googleapis.com/uploads-898751945599.asia-east2.cloudfunctions.appspot.com/3a8953d4-3f4d-45e8-8f8f-eac963910172.zip?GoogleAccessId=service-618972475742@gcf-admin-robot.iam.gserviceaccount.com&Expires=1663568486&Signature=ZK4RSQVXgmMnbKGkHVWK0ZNjGjXg4Mvua3r9LIbgTx67XSH3d46D4ZZrNzYKXA8qiFDyCkgPqClSO6YFOm%2FSfw3v4eHRRwcA5vdx9GlU%2B7bo%2FRDpLvKkDMMlF3qGY3213B3fAG5xEbKDL%2B23keHRrks3zp%2Fs5o2Vo20KeD%2BrB%2F%2FXhIIDUerogakE2yP4JLLqNgDbRLd8K4cjMLytX9Pi6VDIy8Ehowg1Qyn3SnyS5VM6ghbb5miSlow%2Fn3gdbkLuEHfYYB6qo7zCBqXqXkNU8WLaDT7QaS9pWGxauqUOxDER6%2FQUx2WLg9TA00QRn18OOcmesP94FtcMiTKdU0gT8g%3D%3D"}
[debug] [2022-09-19T05:51:26.513Z] >>> [apiv2][query] PUT https://storage.googleapis.com/uploads-898751945599.asia-east2.cloudfunctions.appspot.com/3a8953d4-3f4d-45e8-8f8f-eac963910172.zip GoogleAccessId=service-618972475742%40gcf-admin-robot.iam.gserviceaccount.com&Expires=1663568486&Signature=ZK4RSQVXgmMnbKGkHVWK0ZNjGjXg4Mvua3r9LIbgTx67XSH3d46D4ZZrNzYKXA8qiFDyCkgPqClSO6YFOm%2FSfw3v4eHRRwcA5vdx9GlU%2B7bo%2FRDpLvKkDMMlF3qGY3213B3fAG5xEbKDL%2B23keHRrks3zp%2Fs5o2Vo20KeD%2BrB%2F%2FXhIIDUerogakE2yP4JLLqNgDbRLd8K4cjMLytX9Pi6VDIy8Ehowg1Qyn3SnyS5VM6ghbb5miSlow%2Fn3gdbkLuEHfYYB6qo7zCBqXqXkNU8WLaDT7QaS9pWGxauqUOxDER6%2FQUx2WLg9TA00QRn18OOcmesP94FtcMiTKdU0gT8g%3D%3D
[debug] [2022-09-19T05:51:26.513Z] >>> [apiv2][body] PUT https://storage.googleapis.com/uploads-898751945599.asia-east2.cloudfunctions.appspot.com/3a8953d4-3f4d-45e8-8f8f-eac963910172.zip [stream]
[debug] [2022-09-19T05:51:26.855Z] <<< [apiv2][status] PUT https://storage.googleapis.com/uploads-898751945599.asia-east2.cloudfunctions.appspot.com/3a8953d4-3f4d-45e8-8f8f-eac963910172.zip 200
[debug] [2022-09-19T05:51:26.855Z] <<< [apiv2][body] PUT https://storage.googleapis.com/uploads-898751945599.asia-east2.cloudfunctions.appspot.com/3a8953d4-3f4d-45e8-8f8f-eac963910172.zip [omitted]
[info] ✔  functions: functions folder uploaded successfully 
[info] i  functions: updating Node.js 16 function api(asia-east2)... 
[debug] [2022-09-19T05:51:26.864Z] >>> [apiv2][query] PATCH https://cloudfunctions.googleapis.com/v1/projects/workshop-system-24df0/locations/asia-east2/functions/api updateMask=name%2CsourceUploadUrl%2CentryPoint%2Cruntime%2CdockerRegistry%2Clabels%2ChttpsTrigger.securityLevel%2CenvironmentVariables%2CavailableMemoryMb%2CsourceToken
[debug] [2022-09-19T05:51:26.865Z] >>> [apiv2][body] PATCH https://cloudfunctions.googleapis.com/v1/projects/workshop-system-24df0/locations/asia-east2/functions/api {"name":"projects/workshop-system-24df0/locations/asia-east2/functions/api","sourceUploadUrl":"https://storage.googleapis.com/uploads-898751945599.asia-east2.cloudfunctions.appspot.com/3a8953d4-3f4d-45e8-8f8f-eac963910172.zip?GoogleAccessId=service-618972475742@gcf-admin-robot.iam.gserviceaccount.com&Expires=1663568486&Signature=ZK4RSQVXgmMnbKGkHVWK0ZNjGjXg4Mvua3r9LIbgTx67XSH3d46D4ZZrNzYKXA8qiFDyCkgPqClSO6YFOm%2FSfw3v4eHRRwcA5vdx9GlU%2B7bo%2FRDpLvKkDMMlF3qGY3213B3fAG5xEbKDL%2B23keHRrks3zp%2Fs5o2Vo20KeD%2BrB%2F%2FXhIIDUerogakE2yP4JLLqNgDbRLd8K4cjMLytX9Pi6VDIy8Ehowg1Qyn3SnyS5VM6ghbb5miSlow%2Fn3gdbkLuEHfYYB6qo7zCBqXqXkNU8WLaDT7QaS9pWGxauqUOxDER6%2FQUx2WLg9TA00QRn18OOcmesP94FtcMiTKdU0gT8g%3D%3D","entryPoint":"api","runtime":"nodejs16","dockerRegistry":"ARTIFACT_REGISTRY","labels":{"deployment-tool":"cli-firebase"},"httpsTrigger":{"securityLevel":"SECURE_ALWAYS"},"environmentVariables":{"MODE":"dev","STRIPE_SECRET":"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","STRIPE_SECRET_TEST":"sk_test_51LfDfAFVLId4QDWR7WBrwy35wla0JCsbeuo7NIG22Xj7jwONrsYtkJp57k3M8ucoFB5JUN7dufhqtqHHz31spF9d00hh3ntcon","STRIPE_ENDPOINT_SECRET":"whsec_B9kOJP1lWvNKfAiRRl3Wvyv67wko0ZPo","STRIPE_ENDPOINT_SECRET_TEST":"whsec_B9kOJP1lWvNKfAiRRl3Wvyv67wko0ZPo","SESSION_SECRET":"a88DJFUDNWP47130PDFNVUAh283DHQPVMDL28310DNFQODF","SECRET":"b82DJJUDNWP4j130PDFNVUAh283DHQPVMD293810DNFQO3B","APP_DOMAIN":"workshop-system.app","FIREBASE_CONFIG":"{\"projectId\":\"workshop-system-24df0\",\"storageBucket\":\"workshop-system-24df0.appspot.com\",\"locationId\":\"asia-east2\"}","GCLOUD_PROJECT":"workshop-system-24df0"},"availableMemoryMb":256}
[debug] [2022-09-19T05:51:28.660Z] <<< [apiv2][status] PATCH https://cloudfunctions.googleapis.com/v1/projects/workshop-system-24df0/locations/asia-east2/functions/api 200
[debug] [2022-09-19T05:51:28.661Z] <<< [apiv2][body] PATCH https://cloudfunctions.googleapis.com/v1/projects/workshop-system-24df0/locations/asia-east2/functions/api {"name":"operations/d29ya3Nob3Atc3lzdGVtLTI0ZGYwL2FzaWEtZWFzdDIvYXBpLzNoVFlQdGdLS2JV","metadata":{"@type":"type.googleapis.com/google.cloud.functions.v1.OperationMetadataV1","target":"projects/workshop-system-24df0/locations/asia-east2/functions/api","type":"UPDATE_FUNCTION","request":{"@type":"type.googleapis.com/google.cloud.functions.v1.CloudFunction","name":"projects/workshop-system-24df0/locations/asia-east2/functions/api","httpsTrigger":{"url":"https://asia-east2-workshop-system-24df0.cloudfunctions.net/api","securityLevel":"SECURE_ALWAYS"},"status":"ACTIVE","entryPoint":"api","timeout":"60s","availableMemoryMb":256,"serviceAccountEmail":"workshop-system-24df0@appspot.gserviceaccount.com","updateTime":"2022-09-19T05:40:49.005Z","versionId":"23","labels":{"deployment-tool":"cli-firebase"},"sourceUploadUrl":"https://storage.googleapis.com/uploads-898751945599.asia-east2.cloudfunctions.appspot.com/3a8953d4-3f4d-45e8-8f8f-eac963910172.zip?GoogleAccessId=service-618972475742@gcf-admin-robot.iam.gserviceaccount.com&Expires=1663568486&Signature=ZK4RSQVXgmMnbKGkHVWK0ZNjGjXg4Mvua3r9LIbgTx67XSH3d46D4ZZrNzYKXA8qiFDyCkgPqClSO6YFOm%2FSfw3v4eHRRwcA5vdx9GlU%2B7bo%2FRDpLvKkDMMlF3qGY3213B3fAG5xEbKDL%2B23keHRrks3zp%2Fs5o2Vo20KeD%2BrB%2F%2FXhIIDUerogakE2yP4JLLqNgDbRLd8K4cjMLytX9Pi6VDIy8Ehowg1Qyn3SnyS5VM6ghbb5miSlow%2Fn3gdbkLuEHfYYB6qo7zCBqXqXkNU8WLaDT7QaS9pWGxauqUOxDER6%2FQUx2WLg9TA00QRn18OOcmesP94FtcMiTKdU0gT8g%3D%3D","environmentVariables":{"MODE":"dev","STRIPE_SECRET":"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","STRIPE_SECRET_TEST":"sk_test_51LfDfAFVLId4QDWR7WBrwy35wla0JCsbeuo7NIG22Xj7jwONrsYtkJp57k3M8ucoFB5JUN7dufhqtqHHz31spF9d00hh3ntcon","STRIPE_ENDPOINT_SECRET":"whsec_B9kOJP1lWvNKfAiRRl3Wvyv67wko0ZPo","STRIPE_ENDPOINT_SECRET_TEST":"whsec_B9kOJP1lWvNKfAiRRl3Wvyv67wko0ZPo","SESSION_SECRET":"a88DJFUDNWP47130PDFNVUAh283DHQPVMDL28310DNFQODF","SECRET":"b82DJJUDNWP4j130PDFNVUAh283DHQPVMD293810DNFQO3B","APP_DOMAIN":"workshop-system.app","FIREBASE_CONFIG":"{\"projectId\":\"workshop-system-24df0\",\"storageBucket\":\"workshop-system-24df0.appspot.com\",\"locationId\":\"asia-east2\"}","GCLOUD_PROJECT":"workshop-system-24df0"},"runtime":"nodejs16","ingressSettings":"ALLOW_ALL","buildId":"b241d95f-96d2-4501-b48e-36d52a6f4391","buildName":"projects/618972475742/locations/asia-east2/builds/b241d95f-96d2-4501-b48e-36d52a6f4391","dockerRegistry":"ARTIFACT_REGISTRY"},"versionId":"24","updateTime":"2022-09-19T05:51:28Z"}}
[debug] [2022-09-19T05:51:28.662Z] >>> [apiv2][query] GET https://cloudfunctions.googleapis.com/v1/operations/d29ya3Nob3Atc3lzdGVtLTI0ZGYwL2FzaWEtZWFzdDIvYXBpLzNoVFlQdGdLS2JV [none]
[debug] [2022-09-19T05:51:29.481Z] <<< [apiv2][status] GET https://cloudfunctions.googleapis.com/v1/operations/d29ya3Nob3Atc3lzdGVtLTI0ZGYwL2FzaWEtZWFzdDIvYXBpLzNoVFlQdGdLS2JV 200
[debug] [2022-09-19T05:51:29.481Z] <<< [apiv2][body] GET https://cloudfunctions.googleapis.com/v1/operations/d29ya3Nob3Atc3lzdGVtLTI0ZGYwL2FzaWEtZWFzdDIvYXBpLzNoVFlQdGdLS2JV {"name":"operations/d29ya3Nob3Atc3lzdGVtLTI0ZGYwL2FzaWEtZWFzdDIvYXBpLzNoVFlQdGdLS2JV","metadata":{"@type":"type.googleapis.com/google.cloud.functions.v1.OperationMetadataV1","target":"projects/workshop-system-24df0/locations/asia-east2/functions/api","type":"UPDATE_FUNCTION","request":{"@type":"type.googleapis.com/google.cloud.functions.v1.CloudFunction","name":"projects/workshop-system-24df0/locations/asia-east2/functions/api","httpsTrigger":{"url":"https://asia-east2-workshop-system-24df0.cloudfunctions.net/api","securityLevel":"SECURE_ALWAYS"},"status":"ACTIVE","entryPoint":"api","timeout":"60s","availableMemoryMb":256,"serviceAccountEmail":"workshop-system-24df0@appspot.gserviceaccount.com","updateTime":"2022-09-19T05:40:49.005Z","versionId":"23","labels":{"deployment-tool":"cli-firebase"},"sourceUploadUrl":"https://storage.googleapis.com/uploads-898751945599.asia-east2.cloudfunctions.appspot.com/3a8953d4-3f4d-45e8-8f8f-eac963910172.zip?GoogleAccessId=service-618972475742@gcf-admin-robot.iam.gserviceaccount.com&Expires=1663568486&Signature=ZK4RSQVXgmMnbKGkHVWK0ZNjGjXg4Mvua3r9LIbgTx67XSH3d46D4ZZrNzYKXA8qiFDyCkgPqClSO6YFOm%2FSfw3v4eHRRwcA5vdx9GlU%2B7bo%2FRDpLvKkDMMlF3qGY3213B3fAG5xEbKDL%2B23keHRrks3zp%2Fs5o2Vo20KeD%2BrB%2F%2FXhIIDUerogakE2yP4JLLqNgDbRLd8K4cjMLytX9Pi6VDIy8Ehowg1Qyn3SnyS5VM6ghbb5miSlow%2Fn3gdbkLuEHfYYB6qo7zCBqXqXkNU8WLaDT7QaS9pWGxauqUOxDER6%2FQUx2WLg9TA00QRn18OOcmesP94FtcMiTKdU0gT8g%3D%3D","environmentVariables":{"MODE":"dev","STRIPE_SECRET":"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","STRIPE_SECRET_TEST":"sk_test_51LfDfAFVLId4QDWR7WBrwy35wla0JCsbeuo7NIG22Xj7jwONrsYtkJp57k3M8ucoFB5JUN7dufhqtqHHz31spF9d00hh3ntcon","STRIPE_ENDPOINT_SECRET":"whsec_B9kOJP1lWvNKfAiRRl3Wvyv67wko0ZPo","STRIPE_ENDPOINT_SECRET_TEST":"whsec_B9kOJP1lWvNKfAiRRl3Wvyv67wko0ZPo","SESSION_SECRET":"a88DJFUDNWP47130PDFNVUAh283DHQPVMDL28310DNFQODF","SECRET":"b82DJJUDNWP4j130PDFNVUAh283DHQPVMD293810DNFQO3B","APP_DOMAIN":"workshop-system.app","FIREBASE_CONFIG":"{\"projectId\":\"workshop-system-24df0\",\"storageBucket\":\"workshop-system-24df0.appspot.com\",\"locationId\":\"asia-east2\"}","GCLOUD_PROJECT":"workshop-system-24df0"},"runtime":"nodejs16","ingressSettings":"ALLOW_ALL","buildId":"b241d95f-96d2-4501-b48e-36d52a6f4391","buildName":"projects/618972475742/locations/asia-east2/builds/b241d95f-96d2-4501-b48e-36d52a6f4391","dockerRegistry":"ARTIFACT_REGISTRY"},"versionId":"24","updateTime":"2022-09-19T05:51:28Z"}}
[debug] [2022-09-19T05:51:29.983Z] [update-default-asia-east2-api] Retrying task index 0
[debug] [2022-09-19T05:51:29.983Z] >>> [apiv2][query] GET https://cloudfunctions.googleapis.com/v1/operations/d29ya3Nob3Atc3lzdGVtLTI0ZGYwL2FzaWEtZWFzdDIvYXBpLzNoVFlQdGdLS2JV [none]
[debug] [2022-09-19T05:51:30.710Z] <<< [apiv2][status] GET https://cloudfunctions.googleapis.com/v1/operations/d29ya3Nob3Atc3lzdGVtLTI0ZGYwL2FzaWEtZWFzdDIvYXBpLzNoVFlQdGdLS2JV 200
[debug] [2022-09-19T05:51:30.711Z] <<< [apiv2][body] GET https://cloudfunctions.googleapis.com/v1/operations/d29ya3Nob3Atc3lzdGVtLTI0ZGYwL2FzaWEtZWFzdDIvYXBpLzNoVFlQdGdLS2JV {"name":"operations/d29ya3Nob3Atc3lzdGVtLTI0ZGYwL2FzaWEtZWFzdDIvYXBpLzNoVFlQdGdLS2JV","metadata":{"@type":"type.googleapis.com/google.cloud.functions.v1.OperationMetadataV1","target":"projects/workshop-system-24df0/locations/asia-east2/functions/api","type":"UPDATE_FUNCTION","request":{"@type":"type.googleapis.com/google.cloud.functions.v1.CloudFunction","name":"projects/workshop-system-24df0/locations/asia-east2/functions/api","httpsTrigger":{"url":"https://asia-east2-workshop-system-24df0.cloudfunctions.net/api","securityLevel":"SECURE_ALWAYS"},"status":"ACTIVE","entryPoint":"api","timeout":"60s","availableMemoryMb":256,"serviceAccountEmail":"workshop-system-24df0@appspot.gserviceaccount.com","updateTime":"2022-09-19T05:40:49.005Z","versionId":"23","labels":{"deployment-tool":"cli-firebase"},"sourceUploadUrl":"https://storage.googleapis.com/uploads-898751945599.asia-east2.cloudfunctions.appspot.com/3a8953d4-3f4d-45e8-8f8f-eac963910172.zip?GoogleAccessId=service-618972475742@gcf-admin-robot.iam.gserviceaccount.com&Expires=1663568486&Signature=ZK4RSQVXgmMnbKGkHVWK0ZNjGjXg4Mvua3r9LIbgTx67XSH3d46D4ZZrNzYKXA8qiFDyCkgPqClSO6YFOm%2FSfw3v4eHRRwcA5vdx9GlU%2B7bo%2FRDpLvKkDMMlF3qGY3213B3fAG5xEbKDL%2B23keHRrks3zp%2Fs5o2Vo20KeD%2BrB%2F%2FXhIIDUerogakE2yP4JLLqNgDbRLd8K4cjMLytX9Pi6VDIy8Ehowg1Qyn3SnyS5VM6ghbb5miSlow%2Fn3gdbkLuEHfYYB6qo7zCBqXqXkNU8WLaDT7QaS9pWGxauqUOxDER6%2FQUx2WLg9TA00QRn18OOcmesP94FtcMiTKdU0gT8g%3D%3D","environmentVariables":{"MODE":"dev","STRIPE_SECRET":"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","STRIPE_SECRET_TEST":"sk_test_51LfDfAFVLId4QDWR7WBrwy35wla0JCsbeuo7NIG22Xj7jwONrsYtkJp57k3M8ucoFB5JUN7dufhqtqHHz31spF9d00hh3ntcon","STRIPE_ENDPOINT_SECRET":"whsec_B9kOJP1lWvNKfAiRRl3Wvyv67wko0ZPo","STRIPE_ENDPOINT_SECRET_TEST":"whsec_B9kOJP1lWvNKfAiRRl3Wvyv67wko0ZPo","SESSION_SECRET":"a88DJFUDNWP47130PDFNVUAh283DHQPVMDL28310DNFQODF","SECRET":"b82DJJUDNWP4j130PDFNVUAh283DHQPVMD293810DNFQO3B","APP_DOMAIN":"workshop-system.app","FIREBASE_CONFIG":"{\"projectId\":\"workshop-system-24df0\",\"storageBucket\":\"workshop-system-24df0.appspot.com\",\"locationId\":\"asia-east2\"}","GCLOUD_PROJECT":"workshop-system-24df0"},"runtime":"nodejs16","ingressSettings":"ALLOW_ALL","buildId":"b241d95f-96d2-4501-b48e-36d52a6f4391","buildName":"projects/618972475742/locations/asia-east2/builds/b241d95f-96d2-4501-b48e-36d52a6f4391","dockerRegistry":"ARTIFACT_REGISTRY"},"versionId":"24","updateTime":"2022-09-19T05:51:29Z"}}
[debug] [2022-09-19T05:51:31.711Z] [update-default-asia-east2-api] Retrying task index 0
[debug] [2022-09-19T05:51:31.712Z] >>> [apiv2][query] GET https://cloudfunctions.googleapis.com/v1/operations/d29ya3Nob3Atc3lzdGVtLTI0ZGYwL2FzaWEtZWFzdDIvYXBpLzNoVFlQdGdLS2JV [none]
[debug] [2022-09-19T05:51:32.322Z] <<< [apiv2][status] GET https://cloudfunctions.googleapis.com/v1/operations/d29ya3Nob3Atc3lzdGVtLTI0ZGYwL2FzaWEtZWFzdDIvYXBpLzNoVFlQdGdLS2JV 200
[debug] [2022-09-19T05:51:32.322Z] <<< [apiv2][body] GET https://cloudfunctions.googleapis.com/v1/operations/d29ya3Nob3Atc3lzdGVtLTI0ZGYwL2FzaWEtZWFzdDIvYXBpLzNoVFlQdGdLS2JV {"name":"operations/d29ya3Nob3Atc3lzdGVtLTI0ZGYwL2FzaWEtZWFzdDIvYXBpLzNoVFlQdGdLS2JV","metadata":{"@type":"type.googleapis.com/google.cloud.functions.v1.OperationMetadataV1","target":"projects/workshop-system-24df0/locations/asia-east2/functions/api","type":"UPDATE_FUNCTION","request":{"@type":"type.googleapis.com/google.cloud.functions.v1.CloudFunction","name":"projects/workshop-system-24df0/locations/asia-east2/functions/api","httpsTrigger":{"url":"https://asia-east2-workshop-system-24df0.cloudfunctions.net/api","securityLevel":"SECURE_ALWAYS"},"status":"ACTIVE","entryPoint":"api","timeout":"60s","availableMemoryMb":256,"serviceAccountEmail":"workshop-system-24df0@appspot.gserviceaccount.com","updateTime":"2022-09-19T05:40:49.005Z","versionId":"23","labels":{"deployment-tool":"cli-firebase"},"sourceUploadUrl":"https://storage.googleapis.com/uploads-898751945599.asia-east2.cloudfunctions.appspot.com/3a8953d4-3f4d-45e8-8f8f-eac963910172.zip?GoogleAccessId=service-618972475742@gcf-admin-robot.iam.gserviceaccount.com&Expires=1663568486&Signature=ZK4RSQVXgmMnbKGkHVWK0ZNjGjXg4Mvua3r9LIbgTx67XSH3d46D4ZZrNzYKXA8qiFDyCkgPqClSO6YFOm%2FSfw3v4eHRRwcA5vdx9GlU%2B7bo%2FRDpLvKkDMMlF3qGY3213B3fAG5xEbKDL%2B23keHRrks3zp%2Fs5o2Vo20KeD%2BrB%2F%2FXhIIDUerogakE2yP4JLLqNgDbRLd8K4cjMLytX9Pi6VDIy8Ehowg1Qyn3SnyS5VM6ghbb5miSlow%2Fn3gdbkLuEHfYYB6qo7zCBqXqXkNU8WLaDT7QaS9pWGxauqUOxDER6%2FQUx2WLg9TA00QRn18OOcmesP94FtcMiTKdU0gT8g%3D%3D","environmentVariables":{"MODE":"dev","STRIPE_SECRET":"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","STRIPE_SECRET_TEST":"sk_test_51LfDfAFVLId4QDWR7WBrwy35wla0JCsbeuo7NIG22Xj7jwONrsYtkJp57k3M8ucoFB5JUN7dufhqtqHHz31spF9d00hh3ntcon","STRIPE_ENDPOINT_SECRET":"whsec_B9kOJP1lWvNKfAiRRl3Wvyv67wko0ZPo","STRIPE_ENDPOINT_SECRET_TEST":"whsec_B9kOJP1lWvNKfAiRRl3Wvyv67wko0ZPo","SESSION_SECRET":"a88DJFUDNWP47130PDFNVUAh283DHQPVMDL28310DNFQODF","SECRET":"b82DJJUDNWP4j130PDFNVUAh283DHQPVMD293810DNFQO3B","APP_DOMAIN":"workshop-system.app","FIREBASE_CONFIG":"{\"projectId\":\"workshop-system-24df0\",\"storageBucket\":\"workshop-system-24df0.appspot.com\",\"locationId\":\"asia-east2\"}","GCLOUD_PROJECT":"workshop-system-24df0"},"runtime":"nodejs16","ingressSettings":"ALLOW_ALL","buildId":"b241d95f-96d2-4501-b48e-36d52a6f4391","buildName":"projects/618972475742/locations/asia-east2/builds/b241d95f-96d2-4501-b48e-36d52a6f4391","dockerRegistry":"ARTIFACT_REGISTRY"},"versionId":"24","updateTime":"2022-09-19T05:51:29Z","buildId":"4edb44cc-7849-463e-846e-033fba09d7d4","buildName":"projects/618972475742/locations/asia-east2/builds/4edb44cc-7849-463e-846e-033fba09d7d4"}}
[debug] [2022-09-19T05:51:34.323Z] [update-default-asia-east2-api] Retrying task index 0
[debug] [2022-09-19T05:51:34.324Z] >>> [apiv2][query] GET https://cloudfunctions.googleapis.com/v1/operations/d29ya3Nob3Atc3lzdGVtLTI0ZGYwL2FzaWEtZWFzdDIvYXBpLzNoVFlQdGdLS2JV [none]
[debug] [2022-09-19T05:51:34.907Z] <<< [apiv2][status] GET https://cloudfunctions.googleapis.com/v1/operations/d29ya3Nob3Atc3lzdGVtLTI0ZGYwL2FzaWEtZWFzdDIvYXBpLzNoVFlQdGdLS2JV 200
[debug] [2022-09-19T05:51:34.907Z] <<< [apiv2][body] GET https://cloudfunctions.googleapis.com/v1/operations/d29ya3Nob3Atc3lzdGVtLTI0ZGYwL2FzaWEtZWFzdDIvYXBpLzNoVFlQdGdLS2JV {"name":"operations/d29ya3Nob3Atc3lzdGVtLTI0ZGYwL2FzaWEtZWFzdDIvYXBpLzNoVFlQdGdLS2JV","metadata":{"@type":"type.googleapis.com/google.cloud.functions.v1.OperationMetadataV1","target":"projects/workshop-system-24df0/locations/asia-east2/functions/api","type":"UPDATE_FUNCTION","request":{"@type":"type.googleapis.com/google.cloud.functions.v1.CloudFunction","name":"projects/workshop-system-24df0/locations/asia-east2/functions/api","httpsTrigger":{"url":"https://asia-east2-workshop-system-24df0.cloudfunctions.net/api","securityLevel":"SECURE_ALWAYS"},"status":"ACTIVE","entryPoint":"api","timeout":"60s","availableMemoryMb":256,"serviceAccountEmail":"workshop-system-24df0@appspot.gserviceaccount.com","updateTime":"2022-09-19T05:40:49.005Z","versionId":"23","labels":{"deployment-tool":"cli-firebase"},"sourceUploadUrl":"https://storage.googleapis.com/uploads-898751945599.asia-east2.cloudfunctions.appspot.com/3a8953d4-3f4d-45e8-8f8f-eac963910172.zip?GoogleAccessId=service-618972475742@gcf-admin-robot.iam.gserviceaccount.com&Expires=1663568486&Signature=ZK4RSQVXgmMnbKGkHVWK0ZNjGjXg4Mvua3r9LIbgTx67XSH3d46D4ZZrNzYKXA8qiFDyCkgPqClSO6YFOm%2FSfw3v4eHRRwcA5vdx9GlU%2B7bo%2FRDpLvKkDMMlF3qGY3213B3fAG5xEbKDL%2B23keHRrks3zp%2Fs5o2Vo20KeD%2BrB%2F%2FXhIIDUerogakE2yP4JLLqNgDbRLd8K4cjMLytX9Pi6VDIy8Ehowg1Qyn3SnyS5VM6ghbb5miSlow%2Fn3gdbkLuEHfYYB6qo7zCBqXqXkNU8WLaDT7QaS9pWGxauqUOxDER6%2FQUx2WLg9TA00QRn18OOcmesP94FtcMiTKdU0gT8g%3D%3D","environmentVariables":{"MODE":"dev","STRIPE_SECRET":"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","STRIPE_SECRET_TEST":"sk_test_51LfDfAFVLId4QDWR7WBrwy35wla0JCsbeuo7NIG22Xj7jwONrsYtkJp57k3M8ucoFB5JUN7dufhqtqHHz31spF9d00hh3ntcon","STRIPE_ENDPOINT_SECRET":"whsec_B9kOJP1lWvNKfAiRRl3Wvyv67wko0ZPo","STRIPE_ENDPOINT_SECRET_TEST":"whsec_B9kOJP1lWvNKfAiRRl3Wvyv67wko0ZPo","SESSION_SECRET":"a88DJFUDNWP47130PDFNVUAh283DHQPVMDL28310DNFQODF","SECRET":"b82DJJUDNWP4j130PDFNVUAh283DHQPVMD293810DNFQO3B","APP_DOMAIN":"workshop-system.app","FIREBASE_CONFIG":"{\"projectId\":\"workshop-system-24df0\",\"storageBucket\":\"workshop-system-24df0.appspot.com\",\"locationId\":\"asia-east2\"}","GCLOUD_PROJECT":"workshop-system-24df0"},"runtime":"nodejs16","ingressSettings":"ALLOW_ALL","buildId":"b241d95f-96d2-4501-b48e-36d52a6f4391","buildName":"projects/618972475742/locations/asia-east2/builds/b241d95f-96d2-4501-b48e-36d52a6f4391","dockerRegistry":"ARTIFACT_REGISTRY"},"versionId":"24","updateTime":"2022-09-19T05:51:29Z","buildId":"4edb44cc-7849-463e-846e-033fba09d7d4","buildName":"projects/618972475742/locations/asia-east2/builds/4edb44cc-7849-463e-846e-033fba09d7d4"}}
