Arguments: 
  /opt/homebrew/Cellar/node/18.9.0/bin/node /opt/homebrew/Cellar/yarn/1.22.19/libexec/bin/yarn.js install

PATH: 
  /opt/homebrew/bin:/opt/homebrew/opt/curl/bin:/opt/homebrew/bin:/opt/homebrew/sbin:/usr/local/bin:/usr/bin:/bin:/usr/sbin:/sbin

Yarn version: 
  1.22.19

Node version: 
  18.9.0

Platform: 
  darwin arm64

Trace: 
  SyntaxError: /Users/mingsumsze/dev/workshop-system/package.json: Unexpected end of JSON input
      at JSON.parse (<anonymous>)
      at /opt/homebrew/Cellar/yarn/1.22.19/libexec/lib/cli.js:1629:59
      at Generator.next (<anonymous>)
      at step (/opt/homebrew/Cellar/yarn/1.22.19/libexec/lib/cli.js:310:30)
      at /opt/homebrew/Cellar/yarn/1.22.19/libexec/lib/cli.js:321:13

npm manifest: 
  {
    "name": "common",
    "version": "1.0.1",
    "main": "dist/index.js",
    "repository": "https://github.com/mingsumsze/workshop-system.git",
    "author": "Ming Sum Sze <mingsum.sam@gmail.com>",
    "license": "MIT",
    "types": "types/index.d.ts",
    "scripts": {
      "build": "webpack build"
    },
    "dependencies": {
      "firebase": "^9.9.4",
      "yup": "^0.32.11"
    },
    "devDependencies": {
      "node-polyfill-webpack-plugin": "^2.0.1",
      "ts-loader": "^9.3.1",
      "typescript": "^4.8.3",
      "webpack": "^5.74.0",
      "webpack-cli": "^4.10.0"
    },
    "peerDependencies": {
      "firebase": "^9.9.4",
      "yup": "^0.32.11"
    }
  }

yarn manifest: 
  No manifest

Lockfile: 
  No lockfile
